<?xml version="1.0" encoding="UTF-8" ?>
<testsuite failures="0" time="0.152" errors="0" skipped="0" tests="8" name="TicketReservationManagerTest">
  <properties>
[...]
</properties>
  <testcase time="0.113" classname="TicketReservationManagerTest" name="validateVenueLevelTest"/>
  <testcase time="0" classname="TicketReservationManagerTest" name="venueLevelDetailsTest"/>
  <testcase time="0.001" classname="TicketReservationManagerTest" name="validateMaximumVenueLevelTest"/>
  <testcase time="0" classname="TicketReservationManagerTest" name="getReservedSeatDetailsTest"/>
  <testcase time="0" classname="TicketReservationManagerTest" name="validateIntegerTest"/>
  <testcase time="0" classname="TicketReservationManagerTest" name="validateBookingSeatCountTest"/>
  <testcase time="0" classname="TicketReservationManagerTest" name="validateMinimumVenueLevelTest"/>
  <testcase time="0.002" classname="TicketReservationManagerTest" name="validateCustomerEmailTest"/>
</testsuite>